user [Q|A|S|J]
preuser [阿土伯]
阿土伯
alive [1]

money [9800]
point [0]
item1 [0]
item2 [0]
item3 [0]
buff [0]
stop [0]
userloc [10]
孙小美
alive [1]

money [10000]
point [0]
item1 [0]
item2 [0]
item3 [0]
buff [0]
stop [0]
userloc [0]
钱夫人
alive [1]

money [10000]
point [0]
item1 [0]
item2 [0]
item3 [0]
buff [0]
stop [0]
userloc [0]
金贝贝
alive [1]

money [10000]
point [0]
item1 [0]
item2 [0]
item3 [0]
buff [0]
stop [0]
userloc [0]
MAP
mapuser [0] [SQJ0]
mapuser [1] []
mapuser [2] []
mapuser [3] []
mapuser [4] []
mapuser [5] []
mapuser [6] []
mapuser [7] []
mapuser [8] []
mapuser [9] []
mapuser [10] [A]
mapuser [11] []
mapuser [12] []
mapuser [13] []
mapuser [14] []
mapuser [15] []
mapuser [16] []
mapuser [17] []
mapuser [18] []
mapuser [19] []
mapuser [20] []
mapuser [21] []
mapuser [22] []
mapuser [23] []
mapuser [24] []
mapuser [25] []
mapuser [26] []
mapuser [27] []
mapuser [28] []
mapuser [29] []
mapuser [30] []
mapuser [31] []
mapuser [32] []
mapuser [33] []
mapuser [34] []
mapuser [35] []
mapuser [36] []
mapuser [37] []
mapuser [38] []
mapuser [39] []
mapuser [40] []
mapuser [41] []
mapuser [42] []
mapuser [43] []
mapuser [44] []
mapuser [45] []
mapuser [46] []
mapuser [47] []
mapuser [48] []
mapuser [49] []
mapuser [50] []
mapuser [51] []
mapuser [52] []
mapuser [53] []
mapuser [54] []
mapuser [55] []
mapuser [56] []
mapuser [57] []
mapuser [58] []
mapuser [59] []
mapuser [60] []
mapuser [61] []
mapuser [62] []
mapuser [63] []
mapuser [64] []
mapuser [65] []
mapuser [66] []
mapuser [67] []
mapuser [68] []
mapuser [69] []
map [0] [0] [-1]
map [1] [0] [-1]
map [2] [0] [-1]
map [3] [0] [-1]
map [4] [0] [-1]
map [5] [0] [-1]
map [6] [0] [-1]
map [7] [0] [-1]
map [8] [0] [-1]
map [9] [0] [-1]
map [10] [2] [0]
map [11] [0] [-1]
map [12] [0] [-1]
map [13] [0] [-1]
map [14] [0] [-1]
map [15] [0] [-1]
map [16] [0] [-1]
map [17] [0] [-1]
map [18] [0] [-1]
map [19] [0] [-1]
map [20] [0] [-1]
map [21] [0] [-1]
map [22] [0] [-1]
map [23] [0] [-1]
map [24] [0] [-1]
map [25] [0] [-1]
map [26] [0] [-1]
map [27] [0] [-1]
map [28] [0] [-1]
map [29] [0] [-1]
map [30] [0] [-1]
map [31] [0] [-1]
map [32] [0] [-1]
map [33] [0] [-1]
map [34] [0] [-1]
map [35] [0] [-1]
map [36] [0] [-1]
map [37] [0] [-1]
map [38] [0] [-1]
map [39] [0] [-1]
map [40] [0] [-1]
map [41] [0] [-1]
map [42] [0] [-1]
map [43] [0] [-1]
map [44] [0] [-1]
map [45] [0] [-1]
map [46] [0] [-1]
map [47] [0] [-1]
map [48] [0] [-1]
map [49] [0] [-1]
map [50] [0] [-1]
map [51] [0] [-1]
map [52] [0] [-1]
map [53] [0] [-1]
map [54] [0] [-1]
map [55] [0] [-1]
map [56] [0] [-1]
map [57] [0] [-1]
map [58] [0] [-1]
map [59] [0] [-1]
map [60] [0] [-1]
map [61] [0] [-1]
map [62] [0] [-1]
map [63] [0] [-1]
map [64] [0] [-1]
map [65] [0] [-1]
map [66] [0] [-1]
map [67] [0] [-1]
map [68] [0] [-1]
map [69] [0] [-1]
